* using log directory ‘/Users/kiero/Research/mkmisc/pkg/..Rcheck’
* using R version 2.15.2 (2012-10-26)
* using platform: i386-apple-darwin9.8.0 (32-bit)
* using session charset: UTF-8
* checking for file ‘./DESCRIPTION’ ... OK
* checking extension type ... Package
* this is package ‘mkmisc’ version ‘1.0’
* checking package namespace information ... OK
* checking package dependencies ... OK
* checking if this is a source package ... OK
* checking if there is a namespace ... OK
* checking for executable files ... OK
* checking whether package ‘mkmisc’ can be installed ... OK
* checking installed package size ... OK
* checking package directory ... OK
* checking for portable file names ... OK
* checking for sufficient/correct file permissions ... OK
* checking DESCRIPTION meta-information ... WARNING
Non-standard license specification:
  What license is it under?
Standardizable: FALSE
* checking top-level files ... OK
* checking for left-over files ... OK
* checking index information ... OK
* checking package subdirectories ... WARNING
Found the following directory(s) with names of check directories:
  ./..Rcheck
Most likely, these were included erroneously.
* checking R files for non-ASCII characters ... OK
* checking R files for syntax errors ... OK
* checking whether the package can be loaded ... OK
* checking whether the package can be loaded with stated dependencies ... OK
* checking whether the package can be unloaded cleanly ... OK
* checking whether the namespace can be loaded with stated dependencies ... OK
* checking whether the namespace can be unloaded cleanly ... OK
* checking loading without being on the library search path ... OK
* checking for unstated dependencies in R code ... OK
* checking S3 generic/method consistency ... WARNING
plot:
  function(x, ...)
plot.manhattan.LD:
  function(data, gwas.result, chr, region, index.snp, p.value,
           bonferroni, mafThreshold)

See section ‘Generic functions and methods’ of the ‘Writing R
Extensions’ manual.
* checking replacement functions ... OK
* checking foreign function calls ... OK
* checking R code for possible problems ... NOTE
plot.manhattan.LD : getMAF: no visible global function definition for
  ‘gtdata’
plot.manhattan.LD : getMAF: no visible global function definition for
  ‘map’
plot.manhattan.LD: no visible global function definition for ‘r2fast’
plot.manhattan.LD: no visible global function definition for ‘nids’
* checking Rd files ... NOTE
prepare_Rd: mkmisc-package.Rd:27-28: Dropping empty section \references
prepare_Rd: mkmisc-package.Rd:31-32: Dropping empty section \seealso
prepare_Rd: mkmisc-package.Rd:34-35: Dropping empty section \examples
prepare_Rd: plot.manhattan.LD.Rd:40-42: Dropping empty section \details
prepare_Rd: plot.manhattan.LD.Rd:52-54: Dropping empty section \note
prepare_Rd: plot.manhattan.LD.Rd:46-48: Dropping empty section \references
prepare_Rd: plot.manhattan.LD.Rd:58-60: Dropping empty section \seealso
* checking Rd metadata ... OK
* checking Rd cross-references ... OK
* checking for missing documentation entries ... OK
* checking for code/documentation mismatches ... OK
* checking Rd \usage sections ... NOTE
S3 methods shown with full name in documentation object 'plot.manhattan.LD':
  ‘plot.manhattan.LD’

The \usage entries for S3 methods should use the \method markup and not
their full name.
See the chapter ‘Writing R documentation files’ in the ‘Writing R
Extensions’ manual.
* checking Rd contents ... OK
* checking for unstated dependencies in examples ... OK
* checking examples ... OK
* checking PDF version of manual ... WARNING
LaTeX errors when creating PDF version.
This typically indicates Rd problems.
* checking PDF version of manual without hyperrefs or index ... ERROR
Re-running with no redirection of stdout/stderr.
